[INFO] Scanning for projects...
[INFO] 
[INFO] ---------------------< com.voting:voting-backend >----------------------
[INFO] Building voting-backend 0.0.1-SNAPSHOT
[INFO]   from pom.xml
[INFO] --------------------------------[ jar ]---------------------------------
[INFO] 
[INFO] >>> spring-boot:3.2.3:run (default-cli) > test-compile @ voting-backend >>>
[INFO] 
[INFO] --- resources:3.3.1:resources (default-resources) @ voting-backend ---
[INFO] Copying 1 resource from src\main\resources to target\classes
[INFO] Copying 0 resource from src\main\resources to target\classes
[INFO] 
[INFO] --- compiler:3.11.0:compile (default-compile) @ voting-backend ---
[INFO] Changes detected - recompiling the module! :source
[INFO] Compiling 9 source files with javac [debug release 17] to target\classes
[INFO] -------------------------------------------------------------
[ERROR] COMPILATION ERROR : 
[INFO] -------------------------------------------------------------
[ERROR] /C:/Users/hp/OneDrive/Desktop/project 1212/project 1212/backend/src/main/java/com/voting/app/DataSeeder.java:[21,26] cannot find symbol
  symbol:   method setName(java.lang.String)
  location: variable candidate of type com.voting.app.model.Candidate
[ERROR] /C:/Users/hp/OneDrive/Desktop/project 1212/project 1212/backend/src/main/java/com/voting/app/DataSeeder.java:[22,26] cannot find symbol
  symbol:   method setVoteCount(int)
  location: variable candidate of type com.voting.app.model.Candidate
[ERROR] /C:/Users/hp/OneDrive/Desktop/project 1212/project 1212/backend/src/main/java/com/voting/app/controller/AuthController.java:[21,47] cannot find symbol
  symbol:   method getUsername()
  location: variable user of type com.voting.app.model.User
[ERROR] /C:/Users/hp/OneDrive/Desktop/project 1212/project 1212/backend/src/main/java/com/voting/app/controller/AuthController.java:[30,81] cannot find symbol
  symbol:   method getUsername()
  location: variable loginRequest of type com.voting.app.model.User
[ERROR] /C:/Users/hp/OneDrive/Desktop/project 1212/project 1212/backend/src/main/java/com/voting/app/controller/AuthController.java:[31,59] cannot find symbol
  symbol:   method getPassword()
  location: class com.voting.app.model.User
[ERROR] /C:/Users/hp/OneDrive/Desktop/project 1212/project 1212/backend/src/main/java/com/voting/app/controller/AuthController.java:[31,93] cannot find symbol
  symbol:   method getPassword()
  location: variable loginRequest of type com.voting.app.model.User
[ERROR] /C:/Users/hp/OneDrive/Desktop/project 1212/project 1212/backend/src/main/java/com/voting/app/controller/VoteController.java:[37,45] cannot find symbol
  symbol:   method getVoteCount()
  location: variable candidate of type com.voting.app.model.Candidate
[ERROR] /C:/Users/hp/OneDrive/Desktop/project 1212/project 1212/backend/src/main/java/com/voting/app/controller/VoteController.java:[39,26] cannot find symbol
  symbol:   method getVoters()
  location: variable candidate of type com.voting.app.model.Candidate
[INFO] 8 errors 
[INFO] -------------------------------------------------------------
[INFO] ------------------------------------------------------------------------
[INFO] BUILD FAILURE
[INFO] ------------------------------------------------------------------------
[INFO] Total time:  1.891 s
[INFO] Finished at: 2026-04-03T20:42:20+05:30
[INFO] ------------------------------------------------------------------------
[ERROR] Failed to execute goal org.apache.maven.plugins:maven-compiler-plugin:3.11.0:compile (default-compile) on project voting-backend: Compilation failure: Compilation failure: 
[ERROR] /C:/Users/hp/OneDrive/Desktop/project 1212/project 1212/backend/src/main/java/com/voting/app/DataSeeder.java:[21,26] cannot find symbol
[ERROR]   symbol:   method setName(java.lang.String)
[ERROR]   location: variable candidate of type com.voting.app.model.Candidate
[ERROR] /C:/Users/hp/OneDrive/Desktop/project 1212/project 1212/backend/src/main/java/com/voting/app/DataSeeder.java:[22,26] cannot find symbol
[ERROR]   symbol:   method setVoteCount(int)
[ERROR]   location: variable candidate of type com.voting.app.model.Candidate
[ERROR] /C:/Users/hp/OneDrive/Desktop/project 1212/project 1212/backend/src/main/java/com/voting/app/controller/AuthController.java:[21,47] cannot find symbol
[ERROR]   symbol:   method getUsername()
[ERROR]   location: variable user of type com.voting.app.model.User
[ERROR] /C:/Users/hp/OneDrive/Desktop/project 1212/project 1212/backend/src/main/java/com/voting/app/controller/AuthController.java:[30,81] cannot find symbol
[ERROR]   symbol:   method getUsername()
[ERROR]   location: variable loginRequest of type com.voting.app.model.User
[ERROR] /C:/Users/hp/OneDrive/Desktop/project 1212/project 1212/backend/src/main/java/com/voting/app/controller/AuthController.java:[31,59] cannot find symbol
[ERROR]   symbol:   method getPassword()
[ERROR]   location: class com.voting.app.model.User
[ERROR] /C:/Users/hp/OneDrive/Desktop/project 1212/project 1212/backend/src/main/java/com/voting/app/controller/AuthController.java:[31,93] cannot find symbol
[ERROR]   symbol:   method getPassword()
[ERROR]   location: variable loginRequest of type com.voting.app.model.User
[ERROR] /C:/Users/hp/OneDrive/Desktop/project 1212/project 1212/backend/src/main/java/com/voting/app/controller/VoteController.java:[37,45] cannot find symbol
[ERROR]   symbol:   method getVoteCount()
[ERROR]   location: variable candidate of type com.voting.app.model.Candidate
[ERROR] /C:/Users/hp/OneDrive/Desktop/project 1212/project 1212/backend/src/main/java/com/voting/app/controller/VoteController.java:[39,26] cannot find symbol
[ERROR]   symbol:   method getVoters()
[ERROR]   location: variable candidate of type com.voting.app.model.Candidate
[ERROR] -> [Help 1]
[ERROR] 
[ERROR] To see the full stack trace of the errors, re-run Maven with the -e switch.
[ERROR] Re-run Maven using the -X switch to enable full debug logging.
[ERROR] 
[ERROR] For more information about the errors and possible solutions, please read the following articles:
[ERROR] [Help 1] http://cwiki.apache.org/confluence/display/MAVEN/MojoFailureException
